This is pdfTeX, Version 3.14159265-2.6-1.40.20 (TeX Live 2019/Debian) (preloaded format=pdflatex 2023.8.1)  7 SEP 2023 00:51
entering extended mode
 restricted \write18 enabled.
 %&-line parsing enabled.
**noty
(./noty.tex
LaTeX2e <2020-02-02> patch level 2
L3 programming layer <2020-02-14>
(/usr/share/texlive/texmf-dist/tex/latex/base/article.cls
Document Class: article 2019/12/20 v1.4l Standard LaTeX document class
(/usr/share/texlive/texmf-dist/tex/latex/base/size12.clo
File: size12.clo 2019/12/20 v1.4l Standard LaTeX file (size option)
)
\c@part=\count167
\c@section=\count168
\c@subsection=\count169
\c@subsubsection=\count170
\c@paragraph=\count171
\c@subparagraph=\count172
\c@figure=\count173
\c@table=\count174
\abovecaptionskip=\skip47
\belowcaptionskip=\skip48
\bibindent=\dimen134
)
(/usr/share/texlive/texmf-dist/tex/latex/geometry/geometry.sty
Package: geometry 2020/01/02 v5.9 Page Geometry

(/usr/share/texlive/texmf-dist/tex/latex/graphics/keyval.sty
Package: keyval 2014/10/28 v1.15 key=value parser (DPC)
\KV@toks@=\toks14
)
(/usr/share/texlive/texmf-dist/tex/generic/iftex/ifvtex.sty
Package: ifvtex 2019/10/25 v1.7 ifvtex legacy package. Use iftex instead.

(/usr/share/texlive/texmf-dist/tex/generic/iftex/iftex.sty
Package: iftex 2019/11/07 v1.0c TeX engine tests
))
\Gm@cnth=\count175
\Gm@cntv=\count176
\c@Gm@tempcnt=\count177
\Gm@bindingoffset=\dimen135
\Gm@wd@mp=\dimen136
\Gm@odd@mp=\dimen137
\Gm@even@mp=\dimen138
\Gm@layoutwidth=\dimen139
\Gm@layoutheight=\dimen140
\Gm@layouthoffset=\dimen141
\Gm@layoutvoffset=\dimen142
\Gm@dimlist=\toks15
)
(/usr/share/texlive/texmf-dist/tex/latex/fancyhdr/fancyhdr.sty
Package: fancyhdr 2019/01/31 v3.10 Extensive control of page headers and footer
s
\f@nch@headwidth=\skip49
\f@nch@O@elh=\skip50
\f@nch@O@erh=\skip51
\f@nch@O@olh=\skip52
\f@nch@O@orh=\skip53
\f@nch@O@elf=\skip54
\f@nch@O@erf=\skip55
\f@nch@O@olf=\skip56
\f@nch@O@orf=\skip57
)
(/usr/share/texmf/tex/latex/lm/lmodern.sty
Package: lmodern 2009/10/30 v1.6 Latin Modern Fonts
LaTeX Font Info:    Overwriting symbol font `operators' in version `normal'
(Font)                  OT1/cmr/m/n --> OT1/lmr/m/n on input line 22.
LaTeX Font Info:    Overwriting symbol font `letters' in version `normal'
(Font)                  OML/cmm/m/it --> OML/lmm/m/it on input line 23.
LaTeX Font Info:    Overwriting symbol font `symbols' in version `normal'
(Font)                  OMS/cmsy/m/n --> OMS/lmsy/m/n on input line 24.
LaTeX Font Info:    Overwriting symbol font `largesymbols' in version `normal'
(Font)                  OMX/cmex/m/n --> OMX/lmex/m/n on input line 25.
LaTeX Font Info:    Overwriting symbol font `operators' in version `bold'
(Font)                  OT1/cmr/bx/n --> OT1/lmr/bx/n on input line 26.
LaTeX Font Info:    Overwriting symbol font `letters' in version `bold'
(Font)                  OML/cmm/b/it --> OML/lmm/b/it on input line 27.
LaTeX Font Info:    Overwriting symbol font `symbols' in version `bold'
(Font)                  OMS/cmsy/b/n --> OMS/lmsy/b/n on input line 28.
LaTeX Font Info:    Overwriting symbol font `largesymbols' in version `bold'
(Font)                  OMX/cmex/m/n --> OMX/lmex/m/n on input line 29.
LaTeX Font Info:    Overwriting math alphabet `\mathbf' in version `normal'
(Font)                  OT1/cmr/bx/n --> OT1/lmr/bx/n on input line 31.
LaTeX Font Info:    Overwriting math alphabet `\mathsf' in version `normal'
(Font)                  OT1/cmss/m/n --> OT1/lmss/m/n on input line 32.
LaTeX Font Info:    Overwriting math alphabet `\mathit' in version `normal'
(Font)                  OT1/cmr/m/it --> OT1/lmr/m/it on input line 33.
LaTeX Font Info:    Overwriting math alphabet `\mathtt' in version `normal'
(Font)                  OT1/cmtt/m/n --> OT1/lmtt/m/n on input line 34.
LaTeX Font Info:    Overwriting math alphabet `\mathbf' in version `bold'
(Font)                  OT1/cmr/bx/n --> OT1/lmr/bx/n on input line 35.
LaTeX Font Info:    Overwriting math alphabet `\mathsf' in version `bold'
(Font)                  OT1/cmss/bx/n --> OT1/lmss/bx/n on input line 36.
LaTeX Font Info:    Overwriting math alphabet `\mathit' in version `bold'
(Font)                  OT1/cmr/bx/it --> OT1/lmr/bx/it on input line 37.
LaTeX Font Info:    Overwriting math alphabet `\mathtt' in version `bold'
(Font)                  OT1/cmtt/m/n --> OT1/lmtt/m/n on input line 38.
)
(/usr/share/texlive/texmf-dist/tex/latex/base/inputenc.sty
Package: inputenc 2018/08/11 v1.3c Input encoding file
\inpenc@prehook=\toks16
\inpenc@posthook=\toks17
)
(/usr/share/texlive/texmf-dist/tex/generic/babel/babel.sty
Package: babel 2020/02/14 3.40 The Babel package

(/usr/share/texlive/texmf-dist/tex/generic/babel/switch.def
File: switch.def 2020/02/14 3.40 Babel switching mechanism
)
(/usr/share/texlive/texmf-dist/tex/generic/babel-czech/czech.ldf
Language: czech 2008/07/06 v3.1a Czech support from the babel system

(/usr/share/texlive/texmf-dist/tex/generic/babel/babel.def
File: babel.def 2020/02/14 3.40 Babel common definitions
\babel@savecnt=\count178
\U@D=\dimen143

(/usr/share/texlive/texmf-dist/tex/generic/babel/txtbabel.def)
\bbl@readstream=\read2
\bbl@dirlevel=\count179
)
Package babel Info: Making " an active character on input line 172.
\cs@wordlen=\count180
Package babel Info: Making - an active character on input line 226.
))
(/usr/share/texlive/texmf-dist/tex/latex/graphics/epsfig.sty
Package: epsfig 2017/06/25 v1.7b (e)psfig emulation (SPQR)

(/usr/share/texlive/texmf-dist/tex/latex/graphics/graphicx.sty
Package: graphicx 2019/11/30 v1.2a Enhanced LaTeX Graphics (DPC,SPQR)

(/usr/share/texlive/texmf-dist/tex/latex/graphics/graphics.sty
Package: graphics 2019/11/30 v1.4a Standard LaTeX Graphics (DPC,SPQR)

(/usr/share/texlive/texmf-dist/tex/latex/graphics/trig.sty
Package: trig 2016/01/03 v1.10 sin cos tan (DPC)
)
(/usr/share/texlive/texmf-dist/tex/latex/graphics-cfg/graphics.cfg
File: graphics.cfg 2016/06/04 v1.11 sample graphics configuration
)
Package graphics Info: Driver file: pdftex.def on input line 105.

(/usr/share/texlive/texmf-dist/tex/latex/graphics-def/pdftex.def
File: pdftex.def 2018/01/08 v1.0l Graphics/color driver for pdftex
))
\Gin@req@height=\dimen144
\Gin@req@width=\dimen145
)
\epsfxsize=\dimen146
\epsfysize=\dimen147
)
(./sbmain.sty

LaTeX Warning: You have requested package `sbmain',
               but the package provides `songbook'.

Package: songbook 2010/04/30 v4.5 All purpose Songbook style
Document Subclass: songbook 2010/04/30 v4.5 All purpose Songbook style
(/usr/share/texlive/texmf-dist/tex/latex/tools/calc.sty
Package: calc 2017/05/25 v4.3 Infix arithmetic (KKT,FJ)
\calc@Acount=\count181
\calc@Bcount=\count182
\calc@Adimen=\dimen148
\calc@Bdimen=\dimen149
\calc@Askip=\skip58
\calc@Bskip=\skip59
LaTeX Info: Redefining \setlength on input line 80.
LaTeX Info: Redefining \addtolength on input line 81.
\calc@Ccount=\count183
\calc@Cskip=\skip60
)
\chSpaceTolerance=\skip61
\chMiniSpace=\skip62
\sbBaselineSkipAmt=\skip63
\textwidthSav=\skip64
\evensidemarginSav=\skip65
\marginparsepSav=\skip66
\marginparwidthSav=\skip67
\chSpaceToleranceSav=\skip68
 (./conditionals.sty)
(/usr/share/texlive/texmf-dist/tex/latex/base/ifthen.sty
Package: ifthen 2014/09/29 v1.1c Standard LaTeX ifthen package (DPC)
)
(/usr/share/texlive/texmf-dist/tex/generic/xstring/xstring.sty
(/usr/share/texlive/texmf-dist/tex/generic/xstring/xstring.tex
\integerpart=\count184
\decimalpart=\count185
)
Package: xstring 2019/02/06 v1.83 String manipulations (CT)
)
(/usr/share/texlive/texmf-dist/tex/latex/tools/multicol.sty
Package: multicol 2019/12/09 v1.8y multicolumn formatting (FMi)
\c@tracingmulticols=\count186
\mult@box=\box45
\multicol@leftmargin=\dimen150
\c@unbalance=\count187
\c@collectmore=\count188
\doublecol@number=\count189
\multicoltolerance=\count190
\multicolpretolerance=\count191
\full@width=\dimen151
\page@free=\dimen152
\premulticols=\dimen153
\postmulticols=\dimen154
\multicolsep=\skip69
\multicolbaselineskip=\skip70
\partial@page=\box46
\last@line=\box47
\maxbalancingoverflow=\dimen155
\mult@rightbox=\box48
\mult@grightbox=\box49
\mult@gfirstbox=\box50
\mult@firstbox=\box51
\@tempa=\box52
\@tempa=\box53
\@tempa=\box54
\@tempa=\box55
\@tempa=\box56
\@tempa=\box57
\@tempa=\box58
\@tempa=\box59
\@tempa=\box60
\@tempa=\box61
\@tempa=\box62
\@tempa=\box63
\@tempa=\box64
\@tempa=\box65
\@tempa=\box66
\@tempa=\box67
\@tempa=\box68
\@tempa=\box69
\@tempa=\box70
\@tempa=\box71
\@tempa=\box72
\@tempa=\box73
\@tempa=\box74
\@tempa=\box75
\@tempa=\box76
\@tempa=\box77
\@tempa=\box78
\@tempa=\box79
\@tempa=\box80
\@tempa=\box81
\@tempa=\box82
\@tempa=\box83
\@tempa=\box84
\@tempa=\box85
\@tempa=\box86
\@tempa=\box87
\@tempa=\box88
\c@minrows=\count192
\c@columnbadness=\count193
\c@finalcolumnbadness=\count194
\last@try=\dimen156
\multicolovershoot=\dimen157
\multicolundershoot=\dimen158
\mult@nat@firstbox=\box89
\colbreak@box=\box90
\mc@col@check@num=\count195
)
\c@SBSongCnt=\count196
\c@SBSectionCnt=\count197
\c@SBVerseCnt=\count198
\chCriticDim=\skip71
\chSpaceDim=\skip72
)
(/usr/share/texlive/texmf-dist/tex/latex/xkeyval/xkeyval.sty
Package: xkeyval 2014/12/03 v2.7a package option processing (HA)

(/usr/share/texlive/texmf-dist/tex/generic/xkeyval/xkeyval.tex
(/usr/share/texlive/texmf-dist/tex/generic/xkeyval/xkvutils.tex
\XKV@toks=\toks18
\XKV@tempa@toks=\toks19
)
\XKV@depth=\count199
File: xkeyval.tex 2014/12/03 v2.7a key=value parser (HA)
))
(/usr/share/texlive/texmf-dist/tex/latex/todonotes/todonotes.sty
Package: todonotes 2019/01/24 v1.1.2 Todonotes source and documentation.
Package: todonotes 2018/11/22

(/usr/share/texlive/texmf-dist/tex/latex/xcolor/xcolor.sty
Package: xcolor 2016/05/11 v2.12 LaTeX color extensions (UK)

(/usr/share/texlive/texmf-dist/tex/latex/graphics-cfg/color.cfg
File: color.cfg 2016/01/02 v1.6 sample color configuration
)
Package xcolor Info: Driver file: pdftex.def on input line 225.
Package xcolor Info: Model `cmy' substituted by `cmy0' on input line 1348.
Package xcolor Info: Model `hsb' substituted by `rgb' on input line 1352.
Package xcolor Info: Model `RGB' extended on input line 1364.
Package xcolor Info: Model `HTML' substituted by `rgb' on input line 1366.
Package xcolor Info: Model `Hsb' substituted by `hsb' on input line 1367.
Package xcolor Info: Model `tHsb' substituted by `hsb' on input line 1368.
Package xcolor Info: Model `HSB' substituted by `hsb' on input line 1369.
Package xcolor Info: Model `Gray' substituted by `gray' on input line 1370.
Package xcolor Info: Model `wave' substituted by `hsb' on input line 1371.
)
(/usr/share/texlive/texmf-dist/tex/latex/pgf/frontendlayer/tikz.sty
(/usr/share/texlive/texmf-dist/tex/latex/pgf/basiclayer/pgf.sty
(/usr/share/texlive/texmf-dist/tex/latex/pgf/utilities/pgfrcs.sty
(/usr/share/texlive/texmf-dist/tex/generic/pgf/utilities/pgfutil-common.tex
\pgfutil@everybye=\toks20
\pgfutil@tempdima=\dimen159
\pgfutil@tempdimb=\dimen160

(/usr/share/texlive/texmf-dist/tex/generic/pgf/utilities/pgfutil-common-lists.t
ex)) (/usr/share/texlive/texmf-dist/tex/generic/pgf/utilities/pgfutil-latex.def
\pgfutil@abb=\box91
(/usr/share/texlive/texmf-dist/tex/latex/ms/everyshi.sty
Package: everyshi 2001/05/15 v3.00 EveryShipout Package (MS)
))
(/usr/share/texlive/texmf-dist/tex/generic/pgf/utilities/pgfrcs.code.tex
(/usr/share/texlive/texmf-dist/tex/generic/pgf/pgf.revision.tex)
Package: pgfrcs 2020/01/08 v3.1.5b (3.1.5b)
))
Package: pgf 2020/01/08 v3.1.5b (3.1.5b)

(/usr/share/texlive/texmf-dist/tex/latex/pgf/basiclayer/pgfcore.sty
(/usr/share/texlive/texmf-dist/tex/latex/pgf/systemlayer/pgfsys.sty
(/usr/share/texlive/texmf-dist/tex/generic/pgf/systemlayer/pgfsys.code.tex
Package: pgfsys 2020/01/08 v3.1.5b (3.1.5b)

(/usr/share/texlive/texmf-dist/tex/generic/pgf/utilities/pgfkeys.code.tex
\pgfkeys@pathtoks=\toks21
\pgfkeys@temptoks=\toks22

(/usr/share/texlive/texmf-dist/tex/generic/pgf/utilities/pgfkeysfiltered.code.t
ex
\pgfkeys@tmptoks=\toks23
))
\pgf@x=\dimen161
\pgf@y=\dimen162
\pgf@xa=\dimen163
\pgf@ya=\dimen164
\pgf@xb=\dimen165
\pgf@yb=\dimen166
\pgf@xc=\dimen167
\pgf@yc=\dimen168
\pgf@xd=\dimen169
\pgf@yd=\dimen170
\w@pgf@writea=\write3
\r@pgf@reada=\read3
\c@pgf@counta=\count266
\c@pgf@countb=\count267
\c@pgf@countc=\count268
\c@pgf@countd=\count269
\t@pgf@toka=\toks24
\t@pgf@tokb=\toks25
\t@pgf@tokc=\toks26
\pgf@sys@id@count=\count270
 (/usr/share/texlive/texmf-dist/tex/generic/pgf/systemlayer/pgf.cfg
File: pgf.cfg 2020/01/08 v3.1.5b (3.1.5b)
)
Driver file for pgf: pgfsys-pdftex.def

(/usr/share/texlive/texmf-dist/tex/generic/pgf/systemlayer/pgfsys-pdftex.def
File: pgfsys-pdftex.def 2020/01/08 v3.1.5b (3.1.5b)

(/usr/share/texlive/texmf-dist/tex/generic/pgf/systemlayer/pgfsys-common-pdf.de
f
File: pgfsys-common-pdf.def 2020/01/08 v3.1.5b (3.1.5b)
)))
(/usr/share/texlive/texmf-dist/tex/generic/pgf/systemlayer/pgfsyssoftpath.code.
tex
File: pgfsyssoftpath.code.tex 2020/01/08 v3.1.5b (3.1.5b)
\pgfsyssoftpath@smallbuffer@items=\count271
\pgfsyssoftpath@bigbuffer@items=\count272
)
(/usr/share/texlive/texmf-dist/tex/generic/pgf/systemlayer/pgfsysprotocol.code.
tex
File: pgfsysprotocol.code.tex 2020/01/08 v3.1.5b (3.1.5b)
))
(/usr/share/texlive/texmf-dist/tex/generic/pgf/basiclayer/pgfcore.code.tex
Package: pgfcore 2020/01/08 v3.1.5b (3.1.5b)

(/usr/share/texlive/texmf-dist/tex/generic/pgf/math/pgfmath.code.tex
(/usr/share/texlive/texmf-dist/tex/generic/pgf/math/pgfmathcalc.code.tex
(/usr/share/texlive/texmf-dist/tex/generic/pgf/math/pgfmathutil.code.tex)
(/usr/share/texlive/texmf-dist/tex/generic/pgf/math/pgfmathparser.code.tex
\pgfmath@dimen=\dimen171
\pgfmath@count=\count273
\pgfmath@box=\box92
\pgfmath@toks=\toks27
\pgfmath@stack@operand=\toks28
\pgfmath@stack@operation=\toks29
)
(/usr/share/texlive/texmf-dist/tex/generic/pgf/math/pgfmathfunctions.code.tex
(/usr/share/texlive/texmf-dist/tex/generic/pgf/math/pgfmathfunctions.basic.code
.tex)
(/usr/share/texlive/texmf-dist/tex/generic/pgf/math/pgfmathfunctions.trigonomet
ric.code.tex)
(/usr/share/texlive/texmf-dist/tex/generic/pgf/math/pgfmathfunctions.random.cod
e.tex)
(/usr/share/texlive/texmf-dist/tex/generic/pgf/math/pgfmathfunctions.comparison
.code.tex)
(/usr/share/texlive/texmf-dist/tex/generic/pgf/math/pgfmathfunctions.base.code.
tex)
(/usr/share/texlive/texmf-dist/tex/generic/pgf/math/pgfmathfunctions.round.code
.tex)
(/usr/share/texlive/texmf-dist/tex/generic/pgf/math/pgfmathfunctions.misc.code.
tex)
(/usr/share/texlive/texmf-dist/tex/generic/pgf/math/pgfmathfunctions.integerari
thmetics.code.tex)))
(/usr/share/texlive/texmf-dist/tex/generic/pgf/math/pgfmathfloat.code.tex
\c@pgfmathroundto@lastzeros=\count274
))
(/usr/share/texlive/texmf-dist/tex/generic/pgf/math/pgfint.code.tex)
(/usr/share/texlive/texmf-dist/tex/generic/pgf/basiclayer/pgfcorepoints.code.te
x
File: pgfcorepoints.code.tex 2020/01/08 v3.1.5b (3.1.5b)
\pgf@picminx=\dimen172
\pgf@picmaxx=\dimen173
\pgf@picminy=\dimen174
\pgf@picmaxy=\dimen175
\pgf@pathminx=\dimen176
\pgf@pathmaxx=\dimen177
\pgf@pathminy=\dimen178
\pgf@pathmaxy=\dimen179
\pgf@xx=\dimen180
\pgf@xy=\dimen181
\pgf@yx=\dimen182
\pgf@yy=\dimen183
\pgf@zx=\dimen184
\pgf@zy=\dimen185
)
(/usr/share/texlive/texmf-dist/tex/generic/pgf/basiclayer/pgfcorepathconstruct.
code.tex
File: pgfcorepathconstruct.code.tex 2020/01/08 v3.1.5b (3.1.5b)
\pgf@path@lastx=\dimen186
\pgf@path@lasty=\dimen187
)
(/usr/share/texlive/texmf-dist/tex/generic/pgf/basiclayer/pgfcorepathusage.code
.tex
File: pgfcorepathusage.code.tex 2020/01/08 v3.1.5b (3.1.5b)
\pgf@shorten@end@additional=\dimen188
\pgf@shorten@start@additional=\dimen189
)
(/usr/share/texlive/texmf-dist/tex/generic/pgf/basiclayer/pgfcorescopes.code.te
x
File: pgfcorescopes.code.tex 2020/01/08 v3.1.5b (3.1.5b)
\pgfpic=\box93
\pgf@hbox=\box94
\pgf@layerbox@main=\box95
\pgf@picture@serial@count=\count275
)
(/usr/share/texlive/texmf-dist/tex/generic/pgf/basiclayer/pgfcoregraphicstate.c
ode.tex
File: pgfcoregraphicstate.code.tex 2020/01/08 v3.1.5b (3.1.5b)
\pgflinewidth=\dimen190
)
(/usr/share/texlive/texmf-dist/tex/generic/pgf/basiclayer/pgfcoretransformation
s.code.tex
File: pgfcoretransformations.code.tex 2020/01/08 v3.1.5b (3.1.5b)
\pgf@pt@x=\dimen191
\pgf@pt@y=\dimen192
\pgf@pt@temp=\dimen193
)
(/usr/share/texlive/texmf-dist/tex/generic/pgf/basiclayer/pgfcorequick.code.tex
File: pgfcorequick.code.tex 2020/01/08 v3.1.5b (3.1.5b)
)
(/usr/share/texlive/texmf-dist/tex/generic/pgf/basiclayer/pgfcoreobjects.code.t
ex
File: pgfcoreobjects.code.tex 2020/01/08 v3.1.5b (3.1.5b)
)
(/usr/share/texlive/texmf-dist/tex/generic/pgf/basiclayer/pgfcorepathprocessing
.code.tex
File: pgfcorepathprocessing.code.tex 2020/01/08 v3.1.5b (3.1.5b)
)
(/usr/share/texlive/texmf-dist/tex/generic/pgf/basiclayer/pgfcorearrows.code.te
x
File: pgfcorearrows.code.tex 2020/01/08 v3.1.5b (3.1.5b)
\pgfarrowsep=\dimen194
)
(/usr/share/texlive/texmf-dist/tex/generic/pgf/basiclayer/pgfcoreshade.code.tex
File: pgfcoreshade.code.tex 2020/01/08 v3.1.5b (3.1.5b)
\pgf@max=\dimen195
\pgf@sys@shading@range@num=\count276
\pgf@shadingcount=\count277
)
(/usr/share/texlive/texmf-dist/tex/generic/pgf/basiclayer/pgfcoreimage.code.tex
File: pgfcoreimage.code.tex 2020/01/08 v3.1.5b (3.1.5b)

(/usr/share/texlive/texmf-dist/tex/generic/pgf/basiclayer/pgfcoreexternal.code.
tex
File: pgfcoreexternal.code.tex 2020/01/08 v3.1.5b (3.1.5b)
\pgfexternal@startupbox=\box96
))
(/usr/share/texlive/texmf-dist/tex/generic/pgf/basiclayer/pgfcorelayers.code.te
x
File: pgfcorelayers.code.tex 2020/01/08 v3.1.5b (3.1.5b)
)
(/usr/share/texlive/texmf-dist/tex/generic/pgf/basiclayer/pgfcoretransparency.c
ode.tex
File: pgfcoretransparency.code.tex 2020/01/08 v3.1.5b (3.1.5b)
)
(/usr/share/texlive/texmf-dist/tex/generic/pgf/basiclayer/pgfcorepatterns.code.
tex
File: pgfcorepatterns.code.tex 2020/01/08 v3.1.5b (3.1.5b)
)
(/usr/share/texlive/texmf-dist/tex/generic/pgf/basiclayer/pgfcorerdf.code.tex
File: pgfcorerdf.code.tex 2020/01/08 v3.1.5b (3.1.5b)
)))
(/usr/share/texlive/texmf-dist/tex/generic/pgf/modules/pgfmoduleshapes.code.tex
File: pgfmoduleshapes.code.tex 2020/01/08 v3.1.5b (3.1.5b)
\pgfnodeparttextbox=\box97
) (/usr/share/texlive/texmf-dist/tex/generic/pgf/modules/pgfmoduleplot.code.tex
File: pgfmoduleplot.code.tex 2020/01/08 v3.1.5b (3.1.5b)
)
(/usr/share/texlive/texmf-dist/tex/latex/pgf/compatibility/pgfcomp-version-0-65
.sty
Package: pgfcomp-version-0-65 2020/01/08 v3.1.5b (3.1.5b)
\pgf@nodesepstart=\dimen196
\pgf@nodesepend=\dimen197
)
(/usr/share/texlive/texmf-dist/tex/latex/pgf/compatibility/pgfcomp-version-1-18
.sty
Package: pgfcomp-version-1-18 2020/01/08 v3.1.5b (3.1.5b)
)) (/usr/share/texlive/texmf-dist/tex/latex/pgf/utilities/pgffor.sty
(/usr/share/texlive/texmf-dist/tex/latex/pgf/utilities/pgfkeys.sty
(/usr/share/texlive/texmf-dist/tex/generic/pgf/utilities/pgfkeys.code.tex))
(/usr/share/texlive/texmf-dist/tex/latex/pgf/math/pgfmath.sty
(/usr/share/texlive/texmf-dist/tex/generic/pgf/math/pgfmath.code.tex))
(/usr/share/texlive/texmf-dist/tex/generic/pgf/utilities/pgffor.code.tex
Package: pgffor 2020/01/08 v3.1.5b (3.1.5b)

(/usr/share/texlive/texmf-dist/tex/generic/pgf/math/pgfmath.code.tex)
\pgffor@iter=\dimen198
\pgffor@skip=\dimen199
\pgffor@stack=\toks30
\pgffor@toks=\toks31
))
(/usr/share/texlive/texmf-dist/tex/generic/pgf/frontendlayer/tikz/tikz.code.tex
Package: tikz 2020/01/08 v3.1.5b (3.1.5b)

(/usr/share/texlive/texmf-dist/tex/generic/pgf/libraries/pgflibraryplothandlers
.code.tex
File: pgflibraryplothandlers.code.tex 2020/01/08 v3.1.5b (3.1.5b)
\pgf@plot@mark@count=\count278
\pgfplotmarksize=\dimen256
)
\tikz@lastx=\dimen257
\tikz@lasty=\dimen258
\tikz@lastxsaved=\dimen259
\tikz@lastysaved=\dimen260
\tikz@lastmovetox=\dimen261
\tikz@lastmovetoy=\dimen262
\tikzleveldistance=\dimen263
\tikzsiblingdistance=\dimen264
\tikz@figbox=\box98
\tikz@figbox@bg=\box99
\tikz@tempbox=\box100
\tikz@tempbox@bg=\box101
\tikztreelevel=\count279
\tikznumberofchildren=\count280
\tikznumberofcurrentchild=\count281
\tikz@fig@count=\count282

(/usr/share/texlive/texmf-dist/tex/generic/pgf/modules/pgfmodulematrix.code.tex
File: pgfmodulematrix.code.tex 2020/01/08 v3.1.5b (3.1.5b)
\pgfmatrixcurrentrow=\count283
\pgfmatrixcurrentcolumn=\count284
\pgf@matrix@numberofcolumns=\count285
)
\tikz@expandcount=\count286

(/usr/share/texlive/texmf-dist/tex/generic/pgf/frontendlayer/tikz/libraries/tik
zlibrarytopaths.code.tex
File: tikzlibrarytopaths.code.tex 2020/01/08 v3.1.5b (3.1.5b)
)))
(/usr/share/texlive/texmf-dist/tex/generic/pgf/frontendlayer/tikz/libraries/tik
zlibrarypositioning.code.tex
File: tikzlibrarypositioning.code.tex 2020/01/08 v3.1.5b (3.1.5b)
)
(/usr/share/texlive/texmf-dist/tex/generic/pgf/frontendlayer/tikz/libraries/tik
zlibraryshadows.code.tex
File: tikzlibraryshadows.code.tex 2020/01/08 v3.1.5b (3.1.5b)

(/usr/share/texlive/texmf-dist/tex/generic/pgf/frontendlayer/tikz/libraries/tik
zlibraryfadings.code.tex
File: tikzlibraryfadings.code.tex 2020/01/08 v3.1.5b (3.1.5b)

(/usr/share/texlive/texmf-dist/tex/generic/pgf/libraries/pgflibraryfadings.code
.tex
File: pgflibraryfadings.code.tex 2020/01/08 v3.1.5b (3.1.5b)
)))
\c@@todonotes@numberoftodonotes=\count287
)
(/usr/share/texlive/texmf-dist/tex/latex/l3backend/l3backend-pdfmode.def
File: l3backend-pdfmode.def 2020-02-03 L3 backend support: PDF mode
\l__kernel_color_stack_int=\count288
\l__pdf_internal_box=\box102
)
(./noty.aux)
\openout1 = `noty.aux'.

LaTeX Font Info:    Checking defaults for OML/cmm/m/it on input line 38.
LaTeX Font Info:    ... okay on input line 38.
LaTeX Font Info:    Checking defaults for OMS/cmsy/m/n on input line 38.
LaTeX Font Info:    ... okay on input line 38.
LaTeX Font Info:    Checking defaults for OT1/cmr/m/n on input line 38.
LaTeX Font Info:    ... okay on input line 38.
LaTeX Font Info:    Checking defaults for T1/cmr/m/n on input line 38.
LaTeX Font Info:    ... okay on input line 38.
LaTeX Font Info:    Checking defaults for TS1/cmr/m/n on input line 38.
LaTeX Font Info:    ... okay on input line 38.
LaTeX Font Info:    Checking defaults for OMX/cmex/m/n on input line 38.
LaTeX Font Info:    ... okay on input line 38.
LaTeX Font Info:    Checking defaults for U/cmr/m/n on input line 38.
LaTeX Font Info:    ... okay on input line 38.
LaTeX Font Info:    Trying to load font information for OT1+lmr on input line 3
8.
 (/usr/share/texmf/tex/latex/lm/ot1lmr.fd
File: ot1lmr.fd 2009/10/30 v1.6 Font defs for Latin Modern
)
*geometry* driver: auto-detecting
*geometry* detected driver: pdftex

Package geometry Warning: The marginal notes overrun the paper.
     Add 11.38109pt and more to the right margin.

*geometry* verbose mode - [ preamble ] result:
* driver: pdftex
* paper: a5paper
* layout: <same size as paper>
* layoutoffset:(h,v)=(0.0pt,0.0pt)
* modes: twoside 
* h-part:(L,W,R)=(56.9055pt, 307.28978pt, 56.9055pt)
* v-part:(T,H,B)=(56.9055pt, 483.69687pt, 56.9055pt)
* \paperwidth=421.10078pt
* \paperheight=597.50787pt
* \textwidth=301.5992pt
* \textheight=526.85966pt
* \oddsidemargin=85.35826pt
* \evensidemargin=85.35826pt
* \topmargin=17.07164pt
* \headheight=15.1767pt
* \headsep=7.5855pt
* \topskip=12.0pt
* \footskip=13.73131pt
* \marginparwidth=57.81601pt
* \marginparsep=10.47058pt
* \columnsep=10.0pt
* \skip\footins=10.8pt plus 4.0pt minus 2.0pt
* \hoffset=-86.72377pt
* \voffset=-72.26999pt
* \mag=1000
* \@twocolumnfalse
* \@twosidetrue
* \@mparswitchtrue
* \@reversemarginfalse
* (1in=72.27pt=25.4mm, 1cm=28.453pt)

(/usr/share/texlive/texmf-dist/tex/context/base/mkii/supp-pdf.mkii
[Loading MPS to PDF converter (version 2006.09.02).]
\scratchcounter=\count289
\scratchdimen=\dimen265
\scratchbox=\box103
\nofMPsegments=\count290
\nofMParguments=\count291
\everyMPshowfont=\toks32
\MPscratchCnt=\count292
\MPscratchDim=\dimen266
\MPnumerator=\count293
\makeMPintoPDFobject=\count294
\everyMPtoPDFconversion=\toks33
) (/usr/share/texlive/texmf-dist/tex/latex/epstopdf-pkg/epstopdf-base.sty
Package: epstopdf-base 2020-01-24 v2.11 Base part for package epstopdf
Package epstopdf-base Info: Redefining graphics rule for `.eps' on input line 4
85.

(/usr/share/texlive/texmf-dist/tex/latex/latexconfig/epstopdf-sys.cfg
File: epstopdf-sys.cfg 2010/07/13 v1.3 Configuration of (r)epstopdf for TeX Liv
e
))
ABD: EveryShipout initializing macros
LaTeX Font Info:    Trying to load font information for OML+lmm on input line 3
9.
 (/usr/share/texmf/tex/latex/lm/omllmm.fd
File: omllmm.fd 2009/10/30 v1.6 Font defs for Latin Modern
)
LaTeX Font Info:    Trying to load font information for OMS+lmsy on input line 
39.
(/usr/share/texmf/tex/latex/lm/omslmsy.fd
File: omslmsy.fd 2009/10/30 v1.6 Font defs for Latin Modern
)
LaTeX Font Info:    Trying to load font information for OMX+lmex on input line 
39.

(/usr/share/texmf/tex/latex/lm/omxlmex.fd
File: omxlmex.fd 2009/10/30 v1.6 Font defs for Latin Modern
)
LaTeX Font Info:    External font `lmex10' loaded for size
(Font)              <14.4> on input line 39.
LaTeX Font Info:    External font `lmex10' loaded for size
(Font)              <10> on input line 39.
LaTeX Font Info:    External font `lmex10' loaded for size
(Font)              <7> on input line 39.


LaTeX Warning: No \author given.

<pict/noty.jpg, id=29, 267.399pt x 261.6174pt>
File: pict/noty.jpg Graphic file (type jpg)
<use pict/noty.jpg>
Package pdftex.def Info: pict/noty.jpg  used on input line 43.
(pdftex.def)             Requested size: 241.28027pt x 236.06822pt.
<pict/logo.png, id=30, 575.14874pt x 326.72063pt>
File: pict/logo.png Graphic file (type png)
<use pict/logo.png>
Package pdftex.def Info: pict/logo.png  used on input line 52.
(pdftex.def)             Requested size: 120.63783pt x 68.5286pt.
[1

{/var/lib/texmf/fonts/map/pdftex/updmap/pdftex.map} <./pict/noty.jpg> <./pict/l
ogo.png>]

Package Fancyhdr Warning: \footskip is too small (13.73131pt): 
Make it at least 14.49998pt.
We now make it that large for the rest of the document.
This may cause the page layout to be inconsistent, however.

[2

] (./noty.toc
LaTeX Font Info:    External font `lmex10' loaded for size
(Font)              <5> on input line 3.
 [3])
\tf@toc=\write4
\openout4 = `noty.toc'.

 [4] (./inputs-noty.tex (./noty/a_aa.tex)
(./noty/a_amazonka.tex
LaTeX Font Info:    Trying to load font information for OT1+lmss on input line 
2.
 (/usr/share/texmf/tex/latex/lm/ot1lmss.fd
File: ot1lmss.fd 2009/10/30 v1.6 Font defs for Latin Modern
)
<noty/a_amazonka.jpeg, id=51, 328.5876pt x 355.0866pt>
File: noty/a_amazonka.jpeg Graphic file (type jpg)
<use noty/a_amazonka.jpeg>
Package pdftex.def Info: noty/a_amazonka.jpeg  used on input line 3.
(pdftex.def)             Requested size: 301.5992pt x 325.94131pt.
) [5

 <./noty/a_amazonka.jpeg>] (./noty/a_batalion.tex
<noty/a_batalion.jpg, id=56, 361.35pt x 395.076pt>
File: noty/a_batalion.jpg Graphic file (type jpg)
<use noty/a_batalion.jpg>
Package pdftex.def Info: noty/a_batalion.jpg  used on input line 3.
(pdftex.def)             Requested size: 301.5992pt x 329.75165pt.
) [8 <./noty/a_batalion.jpg>]
(./noty/a_bedna-od-whisky.tex
<noty/a_bedna-od-whisky.jpg, id=60, 352.1958pt x 404.2302pt>
File: noty/a_bedna-od-whisky.jpg Graphic file (type jpg)
<use noty/a_bedna-od-whisky.jpg>
Package pdftex.def Info: noty/a_bedna-od-whisky.jpg  used on input line 3.
(pdftex.def)             Requested size: 301.5992pt x 346.1632pt.
) [9 <./noty/a_bedna-od-whisky.jpg>]
(./noty/a_bláznova-ukolébavka.tex
<noty/a_bláznova-ukolébavka.jpg, id=65, 350.7504pt x 373.395pt>
File: noty/a_bláznova-ukolébavka.jpg Graphic file (type jpg)
<use noty/a_bláznova-ukolébavka.jpg>
Package pdftex.def Info: noty/a_bláznova-ukolébavka.jpg  used on input line 3
.
(pdftex.def)             Requested size: 301.5992pt x 321.09634pt.
) [10 <./noty/a_bláznova-ukolébavka.jpg>]
(./noty/a_bratříčku-zavírej-vrátka.tex
<noty/a_bratříčku-zavírej-vrátka.jpg, id=69, 360.3864pt x 423.5022pt>
File: noty/a_bratříčku-zavírej-vrátka.jpg Graphic file (type jpg)
<use noty/a_bratříčku-zavírej-vrátka.jpg>
Package pdftex.def Info: noty/a_bratříčku-zavírej-vrátka.jpg  used on inpu
t line 3.
(pdftex.def)             Requested size: 301.5992pt x 354.4276pt.
) [11 <./noty/a_bratříčku-zavírej-vrátka.jpg>] (./noty/a_czerná-díra.tex
<noty/a_czerná-díra.jpg, id=73, 314.1336pt x 101.178pt>
File: noty/a_czerná-díra.jpg Graphic file (type jpg)
<use noty/a_czerná-díra.jpg>
Package pdftex.def Info: noty/a_czerná-díra.jpg  used on input line 3.
(pdftex.def)             Requested size: 301.5992pt x 97.1421pt.
)

Package Fancyhdr Warning: \headheight is too small (15.1767pt): 
Make it at least 15.95134pt.
We now make it that large for the rest of the document.
This may cause the page layout to be inconsistent, however.

[15 <./noty/a_czerná-díra.jpg>] (./noty/a_darmoděj.tex
<noty/a_darmoděj.jpg, id=77, 346.896pt x 434.1018pt>
File: noty/a_darmoděj.jpg Graphic file (type jpg)
<use noty/a_darmoděj.jpg>
Package pdftex.def Info: noty/a_darmoděj.jpg  used on input line 3.
(pdftex.def)             Requested size: 301.5992pt x 377.4337pt.
) [18 <./noty/a_darmoděj.jpg>] (./noty/a_dej-mi-víc-své-lásky.tex
<noty/a_dej-mi-víc-své-lásky.jpg, id=81, 354.123pt x 410.4936pt>
File: noty/a_dej-mi-víc-své-lásky.jpg Graphic file (type jpg)
<use noty/a_dej-mi-víc-své-lásky.jpg>
Package pdftex.def Info: noty/a_dej-mi-víc-své-lásky.jpg  used on input line
 3.
(pdftex.def)             Requested size: 301.5992pt x 349.63525pt.
) [19 <./noty/a_dej-mi-víc-své-lásky.jpg>] (./noty/a_divoké-koně.tex
<noty/a_divoké-koně.jpg, id=85, 352.1958pt x 236.5638pt>
File: noty/a_divoké-koně.jpg Graphic file (type jpg)
<use noty/a_divoké-koně.jpg>
Package pdftex.def Info: noty/a_divoké-koně.jpg  used on input line 3.
(pdftex.def)             Requested size: 301.5992pt x 202.58179pt.
) [21 <./noty/a_divoké-koně.jpg>]
(./noty/a_fi-li-mi.tex
<noty/a_fi-li-mi.jpg, id=90, 332.442pt x 218.2554pt>
File: noty/a_fi-li-mi.jpg Graphic file (type jpg)
<use noty/a_fi-li-mi.jpg>
Package pdftex.def Info: noty/a_fi-li-mi.jpg  used on input line 3.
(pdftex.def)             Requested size: 301.5992pt x 198.00659pt.
) [24 <./noty/a_fi-li-mi.jpg>]
(./noty/a_frankie-dlouhán.tex
<noty/a_frankie-dlouhán.jpg, id=94, 351.2322pt x 400.3758pt>
File: noty/a_frankie-dlouhán.jpg Graphic file (type jpg)
<use noty/a_frankie-dlouhán.jpg>
Package pdftex.def Info: noty/a_frankie-dlouhán.jpg  used on input line 3.
(pdftex.def)             Requested size: 301.5992pt x 343.80939pt.
) [25 <./noty/a_frankie-dlouhán.jpg>]
(./noty/a_hlídač-krav.tex
<noty/a_hlídač-krav.jpg, id=98, 346.896pt x 298.2342pt>
File: noty/a_hlídač-krav.jpg Graphic file (type jpg)
<use noty/a_hlídač-krav.jpg>
Package pdftex.def Info: noty/a_hlídač-krav.jpg  used on input line 3.
(pdftex.def)             Requested size: 301.5992pt x 259.30238pt.
) [26 <./noty/a_hlídač-krav.jpg>]
(./noty/a_ho-ho-watanay.tex
<noty/a_ho-ho-watanay.jpg, id=102, 359.9046pt x 305.4612pt>
File: noty/a_ho-ho-watanay.jpg Graphic file (type jpg)
<use noty/a_ho-ho-watanay.jpg>
Package pdftex.def Info: noty/a_ho-ho-watanay.jpg  used on input line 3.
(pdftex.def)             Requested size: 301.5992pt x 255.99371pt.
) [27 <./noty/a_ho-ho-watanay.jpg>]
(./noty/a_hospoda-u-davida.tex
<noty/a_hospoda-u-davida.jpeg, id=106, 327.624pt x 581.0508pt>
File: noty/a_hospoda-u-davida.jpeg Graphic file (type jpg)
<use noty/a_hospoda-u-davida.jpeg>
Package pdftex.def Info: noty/a_hospoda-u-davida.jpeg  used on input line 4.
(pdftex.def)             Requested size: 271.43742pt x 481.43863pt.
) [28 <./noty/a_hospoda-u-davida.jpeg>]
(./noty/a_hrobař.tex
<noty/a_hrobař.jpg, id=110, 325.6968pt x 358.4592pt>
File: noty/a_hrobař.jpg Graphic file (type jpg)
<use noty/a_hrobař.jpg>
Package pdftex.def Info: noty/a_hrobař.jpg  used on input line 3.
(pdftex.def)             Requested size: 301.5992pt x 331.9415pt.
) [30 <./noty/a_hrobař.jpg>]
(./noty/a_hudsonský-šífy.tex
<noty/a_hudsonský-šífy.jpg, id=115, 351.2322pt x 381.5856pt>
File: noty/a_hudsonský-šífy.jpg Graphic file (type jpg)
<use noty/a_hudsonský-šífy.jpg>
Package pdftex.def Info: noty/a_hudsonský-šífy.jpg  used on input line 3.
(pdftex.def)             Requested size: 301.5992pt x 327.67393pt.
) [33 <./noty/a_hudsonský-šífy.jpg>]
(./noty/a_jarní-kurýr.tex
<noty/a_jarní-kurýr.jpg, id=119, 299.6796pt x 212.9556pt>
File: noty/a_jarní-kurýr.jpg Graphic file (type jpg)
<use noty/a_jarní-kurýr.jpg>
Package pdftex.def Info: noty/a_jarní-kurýr.jpg  used on input line 3.
(pdftex.def)             Requested size: 301.5992pt x 214.33281pt.
) [34 <./noty/a_jarní-kurýr.jpg>]
(./noty/a_jarní-tání.tex
<noty/a_jarní-tání.jpg, id=123, 357.0138pt x 383.5128pt>
File: noty/a_jarní-tání.jpg Graphic file (type jpg)
<use noty/a_jarní-tání.jpg>
Package pdftex.def Info: noty/a_jarní-tání.jpg  used on input line 3.
(pdftex.def)             Requested size: 301.5992pt x 323.9919pt.
) [35 <./noty/a_jarní-tání.jpg>]
(./noty/a_jaro.tex
<noty/a_jaro.jpg, id=127, 354.6048pt x 348.8232pt>
File: noty/a_jaro.jpg Graphic file (type jpg)
<use noty/a_jaro.jpg>
Package pdftex.def Info: noty/a_jaro.jpg  used on input line 3.
(pdftex.def)             Requested size: 301.5992pt x 296.68741pt.
) [36 <./noty/a_jaro.jpg>] (./noty/a_jasný-jak-facka.tex
<noty/a_jasný-jak-facka.jpeg, id=131, 328.5876pt x 576.2328pt>
File: noty/a_jasný-jak-facka.jpeg Graphic file (type jpg)
<use noty/a_jasný-jak-facka.jpeg>
Package pdftex.def Info: noty/a_jasný-jak-facka.jpeg  used on input line 3.
(pdftex.def)             Requested size: 271.43742pt x 476.03978pt.
)
[37 <./noty/a_jasný-jak-facka.jpeg>] (./noty/a_já-s-tebou-žít-nebudu.tex
<noty/a_já-s-tebou-žít-nebudu.jpg, id=135, 528.5346pt x 682.2288pt>
File: noty/a_já-s-tebou-žít-nebudu.jpg Graphic file (type jpg)
<use noty/a_já-s-tebou-žít-nebudu.jpg>
Package pdftex.def Info: noty/a_já-s-tebou-žít-nebudu.jpg  used on input lin
e 3.
(pdftex.def)             Requested size: 301.5992pt x 389.30125pt.
)
[38 <./noty/a_já-s-tebou-žít-nebudu.jpg>]
(./noty/a_jdem-zpátky-do-lesů.tex
<noty/a_jdem-zpátky-do-lesů.jpg, id=140, 355.5684pt x 733.7814pt>
File: noty/a_jdem-zpátky-do-lesů.jpg Graphic file (type jpg)
<use noty/a_jdem-zpátky-do-lesů.jpg>
Package pdftex.def Info: noty/a_jdem-zpátky-do-lesů.jpg  used on input line 4
.
(pdftex.def)             Requested size: 241.28027pt x 497.92346pt.
) [39 <./noty/a_jdem-zpátky-do-lesů.jpg>]
(./noty/a_jdou-po-mě-jdou.tex
<noty/a_jdou-po-mě-jdou.jpg, id=144, 348.3414pt x 329.5512pt>
File: noty/a_jdou-po-mě-jdou.jpg Graphic file (type jpg)
<use noty/a_jdou-po-mě-jdou.jpg>
Package pdftex.def Info: noty/a_jdou-po-mě-jdou.jpg  used on input line 3.
(pdftex.def)             Requested size: 301.5992pt x 285.3495pt.
) [40 <./noty/a_jdou-po-mě-jdou.jpg>]
(./noty/a_když-mě-brali-za-vojáka.tex
<noty/a_když-mě-brali-za-vojáka.jpg, id=148, 352.6776pt x 210.5466pt>
File: noty/a_když-mě-brali-za-vojáka.jpg Graphic file (type jpg)
<use noty/a_když-mě-brali-za-vojáka.jpg>
Package pdftex.def Info: noty/a_když-mě-brali-za-vojáka.jpg  used on input l
ine 3.
(pdftex.def)             Requested size: 301.5992pt x 180.06097pt.
) [41 <./noty/a_když-mě-brali-za-vojáka.jpg>] (./noty/a_kluziště.tex
<noty/a_kluziště.jpg, id=152, 319.9152pt x 325.6968pt>
File: noty/a_kluziště.jpg Graphic file (type jpg)
<use noty/a_kluziště.jpg>
Package pdftex.def Info: noty/a_kluziště.jpg  used on input line 3.
(pdftex.def)             Requested size: 301.5992pt x 307.05455pt.
) [42 <./noty/a_kluziště.jpg>]
(./noty/a_kometa.tex
<noty/a_kometa.jpg, id=156, 346.4142pt x 313.17pt>
File: noty/a_kometa.jpg Graphic file (type jpg)
<use noty/a_kometa.jpg>
Package pdftex.def Info: noty/a_kometa.jpg  used on input line 3.
(pdftex.def)             Requested size: 301.5992pt x 272.66116pt.
) [43 <./noty/a_kometa.jpg>] (./noty/a_kozel.tex
<noty/a_kozel.jpg, id=160, 348.3414pt x 289.5618pt>
File: noty/a_kozel.jpg Graphic file (type jpg)
<use noty/a_kozel.jpg>
Package pdftex.def Info: noty/a_kozel.jpg  used on input line 3.
(pdftex.def)             Requested size: 301.5992pt x 250.72377pt.
) [44 <./noty/a_kozel.jpg>] (./noty/a_krtek.tex
<noty/a_krtek.jpg, id=165, 676.5275pt x 848.16875pt>
File: noty/a_krtek.jpg Graphic file (type jpg)
<use noty/a_krtek.jpg>
Package pdftex.def Info: noty/a_krtek.jpg  used on input line 3.
(pdftex.def)             Requested size: 301.5992pt x 378.1263pt.
) [45 <./noty/a_krtek.jpg>]
(./noty/a_lodníkův-lament.tex
<noty/a_lodníkův-lament.jpeg, id=169, 328.5876pt x 376.2858pt>
File: noty/a_lodníkův-lament.jpeg Graphic file (type jpg)
<use noty/a_lodníkův-lament.jpeg>
Package pdftex.def Info: noty/a_lodníkův-lament.jpeg  used on input line 3.
(pdftex.def)             Requested size: 301.5992pt x 345.40051pt.
) [46 <./noty/a_lodníkův-lament.jpeg>]
(./noty/a_marsyas-a-apollon.tex
<noty/a_marsyas-a-apollon.jpg, id=173, 495.2904pt x 447.1104pt>
File: noty/a_marsyas-a-apollon.jpg Graphic file (type jpg)
<use noty/a_marsyas-a-apollon.jpg>
Package pdftex.def Info: noty/a_marsyas-a-apollon.jpg  used on input line 3.
(pdftex.def)             Requested size: 301.5992pt x 272.25937pt.
) [50 <./noty/a_marsyas-a-apollon.jpg>]
(./noty/a_mezi-horami.tex
<noty/a_mezi-horami.jpg, id=177, 322.3242pt x 121.8954pt>
File: noty/a_mezi-horami.jpg Graphic file (type jpg)
<use noty/a_mezi-horami.jpg>
Package pdftex.def Info: noty/a_mezi-horami.jpg  used on input line 3.
(pdftex.def)             Requested size: 301.5992pt x 114.06088pt.
) [51 <./noty/a_mezi-horami.jpg>] (./noty/a_mlýny.tex
<noty/a_mlýny.jpg, id=181, 350.7504pt x 422.5386pt>
File: noty/a_mlýny.jpg Graphic file (type jpg)
<use noty/a_mlýny.jpg>
Package pdftex.def Info: noty/a_mlýny.jpg  used on input line 3.
(pdftex.def)             Requested size: 301.5992pt x 363.35677pt.
) [52 <./noty/a_mlýny.jpg>] (./noty/a_montgomery.tex
<noty/a_montgomery.jpg, id=185, 351.2322pt x 255.354pt>
File: noty/a_montgomery.jpg Graphic file (type jpg)
<use noty/a_montgomery.jpg>
Package pdftex.def Info: noty/a_montgomery.jpg  used on input line 3.
(pdftex.def)             Requested size: 301.5992pt x 219.27676pt.
) [53 <./noty/a_montgomery.jpg>] (./noty/a_morituri-te-salutant.tex
<noty/a_morituri-te-salutant.jpg, id=190, 355.5684pt x 398.9304pt>
File: noty/a_morituri-te-salutant.jpg Graphic file (type jpg)
<use noty/a_morituri-te-salutant.jpg>
Package pdftex.def Info: noty/a_morituri-te-salutant.jpg  used on input line 3.

(pdftex.def)             Requested size: 301.5992pt x 338.38023pt.
) [54 <./noty/a_morituri-te-salutant.jpg>] (./noty/a_nosorožec.tex
<noty/a_nosorožec.jpg, id=194, 321.8424pt x 330.5148pt>
File: noty/a_nosorožec.jpg Graphic file (type jpg)
<use noty/a_nosorožec.jpg>
Package pdftex.def Info: noty/a_nosorožec.jpg  used on input line 3.
(pdftex.def)             Requested size: 301.5992pt x 309.75093pt.
) [57 <./noty/a_nosorožec.jpg>]
(./noty/a_ohníčky.tex
<noty/a_ohníčky.jpg, id=198, 544.9158pt x 698.8509pt>
File: noty/a_ohníčky.jpg Graphic file (type jpg)
<use noty/a_ohníčky.jpg>
Package pdftex.def Info: noty/a_ohníčky.jpg  used on input line 3.
(pdftex.def)             Requested size: 301.5992pt x 386.80048pt.
) [60 <./noty/a_ohníčky.jpg>]
(./noty/a_o-zlaté-rybce.tex
<noty/a_o-zlaté-rybce.jpeg, id=202, 309.3156pt x 337.26pt>
File: noty/a_o-zlaté-rybce.jpeg Graphic file (type jpg)
<use noty/a_o-zlaté-rybce.jpeg>
Package pdftex.def Info: noty/a_o-zlaté-rybce.jpeg  used on input line 3.
(pdftex.def)             Requested size: 301.5992pt x 328.84518pt.
) [63 <./noty/a_o-zlaté-rybce.jpeg>]
(./noty/a_petěnburg.tex
<noty/a_petěnburg.jpg, id=206, 363.2772pt x 273.1806pt>
File: noty/a_petěnburg.jpg Graphic file (type jpg)
<use noty/a_petěnburg.jpg>
Package pdftex.def Info: noty/a_petěnburg.jpg  used on input line 3.
(pdftex.def)             Requested size: 301.5992pt x 226.81485pt.
) [65 <./noty/a_petěnburg.jpg>]
(./noty/a_pískající-cikán.tex
<noty/a_pískající-cikán.jpg, id=210, 334.3692pt x 226.446pt>
File: noty/a_pískající-cikán.jpg Graphic file (type jpg)
<use noty/a_pískající-cikán.jpg>
Package pdftex.def Info: noty/a_pískající-cikán.jpg  used on input line 3.
(pdftex.def)             Requested size: 301.5992pt x 204.26596pt.
) [66 <./noty/a_pískající-cikán.jpg>]
(./noty/a_pohár-a-kalich.tex
<noty/a_pohár-a-kalich.jpg, id=215, 499.1448pt x 584.9052pt>
File: noty/a_pohár-a-kalich.jpg Graphic file (type jpg)
<use noty/a_pohár-a-kalich.jpg>
Package pdftex.def Info: noty/a_pohár-a-kalich.jpg  used on input line 3.
(pdftex.def)             Requested size: 301.5992pt x 353.42696pt.
) [67 <./noty/a_pohár-a-kalich.jpg>]
(./noty/a_pošťák.tex
<noty/a_pošťák.jpeg, id=219, 331.9602pt x 402.0621pt>
File: noty/a_pošťák.jpeg Graphic file (type jpg)
<use noty/a_pošťák.jpeg>
Package pdftex.def Info: noty/a_pošťák.jpeg  used on input line 2.
(pdftex.def)             Requested size: 301.5992pt x 365.31265pt.
) [68 <./noty/a_pošťák.jpeg>]
(./noty/a_pověste-ho-vejš.tex
<noty/a_pověste-ho-vejš.jpg, id=223, 494.3268pt x 764.1348pt>
File: noty/a_pověste-ho-vejš.jpg Graphic file (type jpg)
<use noty/a_pověste-ho-vejš.jpg>
Package pdftex.def Info: noty/a_pověste-ho-vejš.jpg  used on input line 3.
(pdftex.def)             Requested size: 301.5992pt x 466.22647pt.
) [69 <./noty/a_pověste-ho-vejš.jpg>]
(./noty/a_prší.tex
<noty/a_prší.jpg, id=227, 317.988pt x 267.8808pt>
File: noty/a_prší.jpg Graphic file (type jpg)
<use noty/a_prší.jpg>
Package pdftex.def Info: noty/a_prší.jpg  used on input line 3.
(pdftex.def)             Requested size: 301.5992pt x 254.08882pt.
) [71 <./noty/a_prší.jpg>] (./noty/a_ráda-se-miluje.tex
<noty/a_ráda-se-miluje.jpg, id=232, 597.73312pt x 722.7pt>
File: noty/a_ráda-se-miluje.jpg Graphic file (type jpg)
<use noty/a_ráda-se-miluje.jpg>
Package pdftex.def Info: noty/a_ráda-se-miluje.jpg  used on input line 3.
(pdftex.def)             Requested size: 301.5992pt x 364.65735pt.
) [72 <./noty/a_ráda-se-miluje.jpg>] (./noty/a_rána-v-trávě.tex
<noty/a_rána-v-trávě.jpg, id=236, 488.5452pt x 277.035pt>
File: noty/a_rána-v-trávě.jpg Graphic file (type jpg)
<use noty/a_rána-v-trávě.jpg>
Package pdftex.def Info: noty/a_rána-v-trávě.jpg  used on input line 3.
(pdftex.def)             Requested size: 301.5992pt x 171.02861pt.
) [73 <./noty/a_rána-v-trávě.jpg>] (./noty/a_rosa-na-kolejích.tex
<noty/a_rosa-na-kolejích.jpg, id=241, 355.5684pt x 887.4756pt>
File: noty/a_rosa-na-kolejích.jpg Graphic file (type jpg)
<use noty/a_rosa-na-kolejích.jpg>
Package pdftex.def Info: noty/a_rosa-na-kolejích.jpg  used on input line 4.
(pdftex.def)             Requested size: 196.03763pt x 489.29123pt.
) [74 <./noty/a_rosa-na-kolejích.jpg>] (./noty/a_růže-z-papíru.tex
<noty/a_růže-z-papíru.jpg, id=245, 329.5512pt x 402.7848pt>
File: noty/a_růže-z-papíru.jpg Graphic file (type jpg)
<use noty/a_růže-z-papíru.jpg>
Package pdftex.def Info: noty/a_růže-z-papíru.jpg  used on input line 3.
(pdftex.def)             Requested size: 301.5992pt x 368.63667pt.
) [75 <./noty/a_růže-z-papíru.jpg>] (./noty/a_ryl-jen-celej-den-ryl.tex
<noty/a_ryl-jen-celej-den-ryl.jpg, id=249, 343.5234pt x 396.0396pt>
File: noty/a_ryl-jen-celej-den-ryl.jpg Graphic file (type jpg)
<use noty/a_ryl-jen-celej-den-ryl.jpg>
Package pdftex.def Info: noty/a_ryl-jen-celej-den-ryl.jpg  used on input line 3
.
(pdftex.def)             Requested size: 301.5992pt x 347.72427pt.
) [76 <./noty/a_ryl-jen-celej-den-ryl.jpg>] (./noty/a_sáro.tex
<noty/a_sáro.jpg, id=253, 326.6604pt x 451.9284pt>
File: noty/a_sáro.jpg Graphic file (type jpg)
<use noty/a_sáro.jpg>
Package pdftex.def Info: noty/a_sáro.jpg  used on input line 3.
(pdftex.def)             Requested size: 301.5992pt x 417.25488pt.
) [77 <./noty/a_sáro.jpg>]
(./noty/a_severní-vítr.tex
<noty/a_severní-vítr.jpg, id=257, 357.0138pt x 439.4016pt>
File: noty/a_severní-vítr.jpg Graphic file (type jpg)
<use noty/a_severní-vítr.jpg>
Package pdftex.def Info: noty/a_severní-vítr.jpg  used on input line 3.
(pdftex.def)             Requested size: 301.5992pt x 371.2068pt.
) [78 <./noty/a_severní-vítr.jpg>]
(./noty/a_slavíci-z-madridu.tex
<noty/a_slavíci-z-madridu.jpg, id=261, 357.4956pt x 389.7762pt>
File: noty/a_slavíci-z-madridu.jpg Graphic file (type jpg)
<use noty/a_slavíci-z-madridu.jpg>
Package pdftex.def Info: noty/a_slavíci-z-madridu.jpg  used on input line 3.
(pdftex.def)             Requested size: 301.5992pt x 328.85501pt.
) [80 <./noty/a_slavíci-z-madridu.jpg>]
(./noty/a_soudný-den.tex
<noty/a_soudný-den.jpg, id=266, 246.80205pt x 342.92114pt>
File: noty/a_soudný-den.jpg Graphic file (type jpg)
<use noty/a_soudný-den.jpg>
Package pdftex.def Info: noty/a_soudný-den.jpg  used on input line 3.
(pdftex.def)             Requested size: 301.5992pt x 419.0905pt.
) [81 <./noty/a_soudný-den.jpg>]
(./noty/a_styskani.tex
<noty/a_styskani.jpeg, id=270, 304.13625pt x 471.6822pt>
File: noty/a_styskani.jpeg Graphic file (type jpg)
<use noty/a_styskani.jpeg>
Package pdftex.def Info: noty/a_styskani.jpeg  used on input line 3.
(pdftex.def)             Requested size: 301.5992pt x 467.75851pt.
) [83 <./noty/a_styskani.jpeg>]
(./noty/a_tak-už-mi-má-holka-mává.tex
<noty/a_tak-už-mi-má-holka-mává.jpg, id=274, 226.9278pt x 458.1918pt>
File: noty/a_tak-už-mi-má-holka-mává.jpg Graphic file (type jpg)
<use noty/a_tak-už-mi-má-holka-mává.jpg>
Package pdftex.def Info: noty/a_tak-už-mi-má-holka-mává.jpg  used on input 
line 4.
(pdftex.def)             Requested size: 234.8428pt x 474.17047pt.
) [84 <./noty/a_tak-už-mi-má-holka-mává.jpg>] (./noty/a_tereza.tex
<noty/a_tereza.jpg, id=278, 353.6412pt x 694.7556pt>
File: noty/a_tereza.jpg Graphic file (type jpg)
<use noty/a_tereza.jpg>
Package pdftex.def Info: noty/a_tereza.jpg  used on input line 4.
(pdftex.def)             Requested size: 241.28027pt x 474.02832pt.
) [85 <./noty/a_tereza.jpg>]
(./noty/a_těšínská.tex
<noty/a_těšínská.jpg, id=282, 349.7868pt x 488.0634pt>
File: noty/a_těšínská.jpg Graphic file (type jpg)
<use noty/a_těšínská.jpg>
Package pdftex.def Info: noty/a_těšínská.jpg  used on input line 3.
(pdftex.def)             Requested size: 301.5992pt x 420.82854pt.
) [86 <./noty/a_těšínská.jpg>]
(./noty/a_tisíc-dnů-mezi-námi.tex
<noty/a_tisíc-dnů-mezi-námi.jpg, id=286, 493.3632pt x 909.1566pt>
File: noty/a_tisíc-dnů-mezi-námi.jpg Graphic file (type jpg)
<use noty/a_tisíc-dnů-mezi-námi.jpg>
Package pdftex.def Info: noty/a_tisíc-dnů-mezi-námi.jpg  used on input line 
4.
(pdftex.def)             Requested size: 257.3182pt x 474.17047pt.
) [87 <./noty/a_tisíc-dnů-mezi-námi.jpg>] (./noty/a_topič.tex
<noty/a_topič.jpg, id=291, 319.9152pt x 225.4824pt>
File: noty/a_topič.jpg Graphic file (type jpg)
<use noty/a_topič.jpg>
Package pdftex.def Info: noty/a_topič.jpg  used on input line 4.
(pdftex.def)             Requested size: 301.5992pt x 212.57622pt.

Overfull \hbox (17.62482pt too wide) in paragraph at lines 4--4
[][] 
 []

) [88 <./noty/a_topič.jpg>] (./noty/a_to-ta-helpa.tex
<noty/a_to-ta-helpa.jpg, id=295, 356.0502pt x 224.5188pt>
File: noty/a_to-ta-helpa.jpg Graphic file (type jpg)
<use noty/a_to-ta-helpa.jpg>
Package pdftex.def Info: noty/a_to-ta-helpa.jpg  used on input line 3.
(pdftex.def)             Requested size: 301.5992pt x 190.19095pt.
) [90 <./noty/a_to-ta-helpa.jpg>] (./noty/a_toulavej.tex
<noty/a_toulavej.jpg, id=299, 358.4592pt x 314.6154pt>
File: noty/a_toulavej.jpg Graphic file (type jpg)
<use noty/a_toulavej.jpg>
Package pdftex.def Info: noty/a_toulavej.jpg  used on input line 3.
(pdftex.def)             Requested size: 301.5992pt x 264.72159pt.
) [91 <./noty/a_toulavej.jpg>]
(./noty/a_trampská.tex
<noty/a_trampská.jpeg, id=303, 299.4387pt x 455.18056pt>
File: noty/a_trampská.jpeg Graphic file (type jpg)
<use noty/a_trampská.jpeg>
Package pdftex.def Info: noty/a_trampská.jpeg  used on input line 3.
(pdftex.def)             Requested size: 301.5992pt x 458.46463pt.
) [92 <./noty/a_trampská.jpeg>]
(./noty/a_tři-kříže.tex
<noty/a_tři-kříže.jpeg, id=307, 328.5876pt x 284.86424pt>
File: noty/a_tři-kříže.jpeg Graphic file (type jpg)
<use noty/a_tři-kříže.jpeg>
Package pdftex.def Info: noty/a_tři-kříže.jpeg  used on input line 3.
(pdftex.def)             Requested size: 301.5992pt x 261.48279pt.
) [93 <./noty/a_tři-kříže.jpeg>]
(./noty/a_tulácký-ráno.tex
<noty/a_tulácký-ráno.jpg, id=311, 354.6048pt x 391.2216pt>
File: noty/a_tulácký-ráno.jpg Graphic file (type jpg)
<use noty/a_tulácký-ráno.jpg>
Package pdftex.def Info: noty/a_tulácký-ráno.jpg  used on input line 3.
(pdftex.def)             Requested size: 301.5992pt x 332.74886pt.
) [94 <./noty/a_tulácký-ráno.jpg>]
(./noty/a_už-to-nenapravím.tex
<noty/a_už-to-nenapravím.jpg, id=316, 498.1812pt x 438.438pt>
File: noty/a_už-to-nenapravím.jpg Graphic file (type jpg)
<use noty/a_už-to-nenapravím.jpg>
Package pdftex.def Info: noty/a_už-to-nenapravím.jpg  used on input line 3.
(pdftex.def)             Requested size: 301.5992pt x 265.43977pt.
) [95 <./noty/a_už-to-nenapravím.jpg>]
(./noty/a_válka-růží.tex
<noty/a_válka-růží.jpg, id=320, 357.0138pt x 293.898pt>
File: noty/a_válka-růží.jpg Graphic file (type jpg)
<use noty/a_válka-růží.jpg>
Package pdftex.def Info: noty/a_válka-růží.jpg  used on input line 3.
(pdftex.def)             Requested size: 301.5992pt x 248.28523pt.
) [96 <./noty/a_válka-růží.jpg>]
(./noty/a_velrybářská-výprava.tex
<noty/a_velrybářská-výprava.jpg, id=324, 355.0866pt x 370.5042pt>
File: noty/a_velrybářská-výprava.jpg Graphic file (type jpg)
<use noty/a_velrybářská-výprava.jpg>
Package pdftex.def Info: noty/a_velrybářská-výprava.jpg  used on input line
 3.
(pdftex.def)             Requested size: 301.5992pt x 314.70956pt.
) [97 <./noty/a_velrybářská-výprava.jpg>] (./noty/a_vlajka.tex
<noty/a_vlajka.jpg, id=328, 356.0502pt x 466.3824pt>
File: noty/a_vlajka.jpg Graphic file (type jpg)
<use noty/a_vlajka.jpg>
Package pdftex.def Info: noty/a_vlajka.jpg  used on input line 3.
(pdftex.def)             Requested size: 301.5992pt x 395.07478pt.
) [98 <./noty/a_vlajka.jpg>]
(./noty/a_vstávej-holka.tex
<noty/a_vstávej-holka.jpg, id=332, 317.5062pt x 212.4738pt>
File: noty/a_vstávej-holka.jpg Graphic file (type jpg)
<use noty/a_vstávej-holka.jpg>
Package pdftex.def Info: noty/a_vstávej-holka.jpg  used on input line 3.
(pdftex.def)             Requested size: 301.5992pt x 201.8295pt.
) [99 <./noty/a_vstávej-holka.jpg>]
(./noty/a_zafúkané.tex
<noty/a_zafúkané.jpg, id=336, 488.5452pt x 655.248pt>
File: noty/a_zafúkané.jpg Graphic file (type jpg)
<use noty/a_zafúkané.jpg>
Package pdftex.def Info: noty/a_zafúkané.jpg  used on input line 3.
(pdftex.def)             Requested size: 301.5992pt x 404.51987pt.
) [101 <./noty/a_zafúkané.jpg>]
(./noty/a_zatanči.tex
<noty/a_zatanči.jpg, id=341, 346.896pt x 259.2084pt>
File: noty/a_zatanči.jpg Graphic file (type jpg)
<use noty/a_zatanči.jpg>
Package pdftex.def Info: noty/a_zatanči.jpg  used on input line 3.
(pdftex.def)             Requested size: 301.5992pt x 225.37103pt.
) [102 <./noty/a_zatanči.jpg>]
(./noty/a_zítra-ráno-v-pět.tex
<noty/a_zítra-ráno-v-pět.jpg, id=345, 344.0052pt x 206.6922pt>
File: noty/a_zítra-ráno-v-pět.jpg Graphic file (type jpg)
<use noty/a_zítra-ráno-v-pět.jpg>
Package pdftex.def Info: noty/a_zítra-ráno-v-pět.jpg  used on input line 3.
(pdftex.def)             Requested size: 301.5992pt x 181.21475pt.
) [103 <./noty/a_zítra-ráno-v-pět.jpg>]
(./noty/b_AA.tex) (./noty/b_Apoštolská.tex
<noty/b_Apoštolská.jpg, id=349, 115.632pt x 133.6995pt>
File: noty/b_Apoštolská.jpg Graphic file (type jpg)
<use noty/b_Apoštolská.jpg>
Package pdftex.def Info: noty/b_Apoštolská.jpg  used on input line 3.
(pdftex.def)             Requested size: 150.79959pt x 174.37033pt.

Overfull \hbox (5.0pt too wide) in paragraph at lines 3--3
[] 
 []

) (./noty/b_Boží-radost-jako-řeka.tex
<noty/b_Boží-radost-jako-řeka.jpg, id=350, 113.223pt x 100.6962pt>
File: noty/b_Boží-radost-jako-řeka.jpg Graphic file (type jpg)
<use noty/b_Boží-radost-jako-řeka.jpg>
Package pdftex.def Info: noty/b_Boží-radost-jako-řeka.jpg  used on input lin
e 3.
(pdftex.def)             Requested size: 150.79959pt x 134.11937pt.

Overfull \hbox (5.0pt too wide) in paragraph at lines 3--3
[] 
 []

) (./noty/b_Bůh-je-záštita-má.tex
<noty/b_Bůh-je-záštita-má.jpg, id=351, 113.4639pt x 116.1138pt>
File: noty/b_Bůh-je-záštita-má.jpg Graphic file (type jpg)
<use noty/b_Bůh-je-záštita-má.jpg>
Package pdftex.def Info: noty/b_Bůh-je-záštita-má.jpg  used on input line 3
.
(pdftex.def)             Requested size: 150.79959pt x 154.3355pt.

Overfull \hbox (5.0pt too wide) in paragraph at lines 3--3
[] 
 []

) (./noty/b_Effatha.tex
<noty/b_Effatha.jpg, id=352, 114.1866pt x 112.5003pt>
File: noty/b_Effatha.jpg Graphic file (type jpg)
<use noty/b_Effatha.jpg>
Package pdftex.def Info: noty/b_Effatha.jpg  used on input line 3.
(pdftex.def)             Requested size: 150.79959pt x 148.5901pt.

Overfull \hbox (5.0pt too wide) in paragraph at lines 3--3
[] 
 []

) [105 <./noty/b_Apoštolská.jpg> <./noty/b_Boží-radost-jako-řeka.jpg> <./n
oty/b_Bůh-je-záštita-má.jpg> <./noty/b_Effatha.jpg>] (./noty/b_Hosana.tex
<noty/b_Hosana.jpg, id=356, 114.4275pt x 133.6995pt>
File: noty/b_Hosana.jpg Graphic file (type jpg)
<use noty/b_Hosana.jpg>
Package pdftex.def Info: noty/b_Hosana.jpg  used on input line 3.
(pdftex.def)             Requested size: 150.79959pt x 176.20436pt.

Overfull \hbox (5.0pt too wide) in paragraph at lines 3--3
[] 
 []

) (./noty/b_Jsem-všechno-co-nemáš.tex
<noty/b_Jsem-všechno-co-nemáš.jpg, id=357, 114.6684pt x 192.4791pt>
File: noty/b_Jsem-všechno-co-nemáš.jpg Graphic file (type jpg)
<use noty/b_Jsem-všechno-co-nemáš.jpg>
Package pdftex.def Info: noty/b_Jsem-všechno-co-nemáš.jpg  used on input lin
e 3.
(pdftex.def)             Requested size: 135.7187pt x 227.83702pt.
) (./noty/b_Laudato-si.tex
<noty/b_Laudato-si.jpg, id=358, 113.223pt x 84.315pt>
File: noty/b_Laudato-si.jpg Graphic file (type jpg)
<use noty/b_Laudato-si.jpg>
Package pdftex.def Info: noty/b_Laudato-si.jpg  used on input line 3.
(pdftex.def)             Requested size: 150.79959pt x 112.3009pt.

Overfull \hbox (5.0pt too wide) in paragraph at lines 3--3
[] 
 []

) (./noty/b_Modlitba-sv-Tomáše.tex
<noty/b_Modlitba-sv-Tomáše.jpg, id=359, 114.4275pt x 84.5559pt>
File: noty/b_Modlitba-sv-Tomáše.jpg Graphic file (type jpg)
<use noty/b_Modlitba-sv-Tomáše.jpg>
Package pdftex.def Info: noty/b_Modlitba-sv-Tomáše.jpg  used on input line 3.

(pdftex.def)             Requested size: 150.79959pt x 111.43733pt.

Overfull \hbox (5.0pt too wide) in paragraph at lines 3--3
[] 
 []

) (./noty/b_Na-Golgotu.tex
<noty/b_Na-Golgotu.jpg, id=360, 484.81125pt x 546.04pt>
File: noty/b_Na-Golgotu.jpg Graphic file (type jpg)
<use noty/b_Na-Golgotu.jpg>
Package pdftex.def Info: noty/b_Na-Golgotu.jpg  used on input line 3.
(pdftex.def)             Requested size: 135.7187pt x 152.85683pt.
) [108 <./noty/b_Hosana.jpg> <./noty/b_Jsem-všechno-co-nemáš.jpg> <./noty/b_
Laudato-si.jpg> <./noty/b_Modlitba-sv-Tomáše.jpg> <./noty/b_Na-Golgotu.jpg>] 
(./noty/b_Nám-pane-dal-jsi-slovo-své.tex
<noty/b_Nám-pane-dal-jsi-slovo-své.jpg, id=364, 115.1502pt x 180.9159pt>
File: noty/b_Nám-pane-dal-jsi-slovo-své.jpg Graphic file (type jpg)
<use noty/b_Nám-pane-dal-jsi-slovo-své.jpg>
Package pdftex.def Info: noty/b_Nám-pane-dal-jsi-slovo-své.jpg  used on input
 line 3.
(pdftex.def)             Requested size: 150.79959pt x 236.94356pt.

Overfull \hbox (5.0pt too wide) in paragraph at lines 3--3
[] 
 []

) (./noty/b_Neseme-pane-chléb-a-víno.tex
<noty/b_Neseme-pane-chléb-a-víno.jpg, id=365, 114.6684pt x 111.2958pt>
File: noty/b_Neseme-pane-chléb-a-víno.jpg Graphic file (type jpg)
<use noty/b_Neseme-pane-chléb-a-víno.jpg>
Package pdftex.def Info: noty/b_Neseme-pane-chléb-a-víno.jpg  used on input l
ine 3.
(pdftex.def)             Requested size: 150.79959pt x 146.37935pt.

Overfull \hbox (5.0pt too wide) in paragraph at lines 3--3
[] 
 []

) (./noty/b_Ó-pane-zhasíná-den.tex
<noty/b_Ó-pane-zhasíná-den.jpg, id=366, 113.9457pt x 126.4725pt>
File: noty/b_Ó-pane-zhasíná-den.jpg Graphic file (type jpg)
<use noty/b_Ó-pane-zhasíná-den.jpg>
Package pdftex.def Info: noty/b_Ó-pane-zhasíná-den.jpg  used on input line 3
.
(pdftex.def)             Requested size: 150.79959pt x 167.38806pt.

Overfull \hbox (5.0pt too wide) in paragraph at lines 3--3
[] 
 []

) (./noty/b_oPojď-ke-mně-blíž.tex
<noty/b_oPojď-ke-mně-blíž.jpg, id=367, 114.6684pt x 90.8193pt>
File: noty/b_oPojď-ke-mně-blíž.jpg Graphic file (type jpg)
<use noty/b_oPojď-ke-mně-blíž.jpg>
Package pdftex.def Info: noty/b_oPojď-ke-mně-blíž.jpg  used on input line 3
.
(pdftex.def)             Requested size: 150.79959pt x 119.44809pt.

Overfull \hbox (5.0pt too wide) in paragraph at lines 3--3
[] 
 []

) [110 <./noty/b_Nám-pane-dal-jsi-slovo-své.jpg> <./noty/b_Neseme-pane-chléb
-a-víno.jpg> <./noty/b_Ó-pane-zhasíná-den.jpg> <./noty/b_oPojď-ke-mně-bl
ž.jpg>] (./noty/b_Ordinárium.tex
<noty/c_o4-kyrie.jpeg, id=371, 114.4275pt x 75.4017pt>
File: noty/c_o4-kyrie.jpeg Graphic file (type jpg)
<use noty/c_o4-kyrie.jpeg>
Package pdftex.def Info: noty/c_o4-kyrie.jpeg  used on input line 4.
(pdftex.def)             Requested size: 150.79959pt x 99.37291pt.

Overfull \hbox (5.0pt too wide) in paragraph at lines 4--5
[] 
 []

<noty/c_o4-gloria.jpeg, id=372, 498.86375pt x 878.28125pt>
File: noty/c_o4-gloria.jpeg Graphic file (type jpg)
<use noty/c_o4-gloria.jpeg>
Package pdftex.def Info: noty/c_o4-gloria.jpeg  used on input line 6.
(pdftex.def)             Requested size: 150.79959pt x 265.48323pt.

Overfull \hbox (5.0pt too wide) in paragraph at lines 6--8
[]
 []

<noty/c_o4-credo.jpeg, id=373, 113.223pt x 71.7882pt>
File: noty/c_o4-credo.jpeg Graphic file (type jpg)
<use noty/c_o4-credo.jpeg>
Package pdftex.def Info: noty/c_o4-credo.jpeg  used on input line 9.
(pdftex.def)             Requested size: 150.79959pt x 95.61618pt.

Overfull \hbox (5.0pt too wide) in paragraph at lines 9--10
[] 
 []

<noty/c_o4-sanctus.jpeg, id=374, 113.223pt x 124.0635pt>
File: noty/c_o4-sanctus.jpeg Graphic file (type jpg)
<use noty/c_o4-sanctus.jpeg>
Package pdftex.def Info: noty/c_o4-sanctus.jpeg  used on input line 11.
(pdftex.def)             Requested size: 150.79959pt x 165.24278pt.

Overfull \hbox (5.0pt too wide) in paragraph at lines 11--12
[] 
 []

<noty/c_o4-agnus-dei.jpeg, id=375, 115.1502pt x 93.4692pt>
File: noty/c_o4-agnus-dei.jpeg Graphic file (type jpg)
<use noty/c_o4-agnus-dei.jpeg>
Package pdftex.def Info: noty/c_o4-agnus-dei.jpeg  used on input line 13.
(pdftex.def)             Requested size: 150.79959pt x 122.41559pt.

Overfull \hbox (5.0pt too wide) in paragraph at lines 13--14
[] 
 []

) [111 <./noty/c_o4-kyrie.jpeg> <./noty/c_o4-gloria.jpeg> <./noty/c_o4-credo.jp
eg> <./noty/c_o4-sanctus.jpeg> <./noty/c_o4-agnus-dei.jpeg>]
(./noty/b_Pojďte-ke-mně-všichni.tex
<noty/b_Pojďte-ke-mně-všichni.png, id=380, 457.71pt x 756.8275pt>
File: noty/b_Pojďte-ke-mně-všichni.png Graphic file (type png)
<use noty/b_Pojďte-ke-mně-všichni.png>
Package pdftex.def Info: noty/b_Pojďte-ke-mně-všichni.png  used on input lin
e 3.
(pdftex.def)             Requested size: 150.79959pt x 249.34966pt.

Overfull \hbox (5.0pt too wide) in paragraph at lines 3--3
[] 
 []

) (./noty/b_Posba-k-Duchu-svatému.tex
<noty/b_Posba-k-Duchu-svatému.jpg, id=382, 113.223pt x 124.5453pt>
File: noty/b_Posba-k-Duchu-svatému.jpg Graphic file (type jpg)
<use noty/b_Posba-k-Duchu-svatému.jpg>
Package pdftex.def Info: noty/b_Posba-k-Duchu-svatému.jpg  used on input line 
3.
(pdftex.def)             Requested size: 150.79959pt x 165.8845pt.

Overfull \hbox (5.0pt too wide) in paragraph at lines 3--3
[] 
 []

) (./noty/b_Prijímám.tex
<noty/b_Prijímám.jpg, id=383, 473.77pt x 332.24126pt>
File: noty/b_Prijímám.jpg Graphic file (type jpg)
<use noty/b_Prijímám.jpg>
Package pdftex.def Info: noty/b_Prijímám.jpg  used on input line 3.
(pdftex.def)             Requested size: 150.79959pt x 105.75157pt.

Overfull \hbox (5.0pt too wide) in paragraph at lines 3--3
[] 
 []

) (./noty/b_Prijmi-pane.tex
<noty/b_Prijmi-pane.jpg, id=384, 113.7048pt x 172.0026pt>
File: noty/b_Prijmi-pane.jpg Graphic file (type jpg)
<use noty/b_Prijmi-pane.jpg>
Package pdftex.def Info: noty/b_Prijmi-pane.jpg  used on input line 3.
(pdftex.def)             Requested size: 150.79959pt x 228.11755pt.

Overfull \hbox (5.0pt too wide) in paragraph at lines 3--3
[] 
 []

[114 <./noty/b_Pojďte-ke-mně-všichni.png> <./noty/b_Posba-k-Duchu-svatému.j
pg> <./noty/b_Prijímám.jpg> <./noty/b_Prijmi-pane.jpg>])
(./noty/b_Připravujte-cestu.tex
<noty/b_Připravujte-cestu.jpg, id=389, 115.632pt x 202.5969pt>
File: noty/b_Připravujte-cestu.jpg Graphic file (type jpg)
<use noty/b_Připravujte-cestu.jpg>
Package pdftex.def Info: noty/b_Připravujte-cestu.jpg  used on input line 3.
(pdftex.def)             Requested size: 150.79959pt x 264.22604pt.

Overfull \hbox (5.0pt too wide) in paragraph at lines 3--4
[] 
 []

) (./noty/b_ptZde-jsem.tex
<noty/b_Zde-jsem.png, id=390, 458.71375pt x 962.59625pt>
File: noty/b_Zde-jsem.png Graphic file (type png)
<use noty/b_Zde-jsem.png>
Package pdftex.def Info: noty/b_Zde-jsem.png  used on input line 3.
(pdftex.def)             Requested size: 123.65677pt x 259.4785pt.
) (./noty/b_Půjdeš-li-pouští.tex
<noty/b_Půjdeš-li-pouští.jpg, id=391, 437.38406pt x 254.45062pt>
File: noty/b_Půjdeš-li-pouští.jpg Graphic file (type jpg)
<use noty/b_Půjdeš-li-pouští.jpg>
Package pdftex.def Info: noty/b_Půjdeš-li-pouští.jpg  used on input line 4.

(pdftex.def)             Requested size: 301.5992pt x 175.45851pt.
) [116 <./noty/b_Připravujte-cestu.jpg> <./noty/b_Zde-jsem.png> <./noty/b_Půj
deš-li-pouští.jpg>] (./noty/b_Slunce-kristovy-lásky.tex
<noty/b_Slunce-kristovy-lásky.jpg, id=396, 115.3911pt x 105.7551pt>
File: noty/b_Slunce-kristovy-lásky.jpg Graphic file (type jpg)
<use noty/b_Slunce-kristovy-lásky.jpg>
Package pdftex.def Info: noty/b_Slunce-kristovy-lásky.jpg  used on input line 
3.
(pdftex.def)             Requested size: 150.79959pt x 138.20615pt.

Overfull \hbox (5.0pt too wide) in paragraph at lines 3--3
[] 
 []

) (./noty/b_Spoj-nás-v-jedno.tex
<noty/b_Spoj-nás-v-jedno.jpg, id=397, 115.8729pt x 166.4619pt>
File: noty/b_Spoj-nás-v-jedno.jpg Graphic file (type jpg)
<use noty/b_Spoj-nás-v-jedno.jpg>
Package pdftex.def Info: noty/b_Spoj-nás-v-jedno.jpg  used on input line 3.
(pdftex.def)             Requested size: 150.79959pt x 216.6595pt.

Overfull \hbox (5.0pt too wide) in paragraph at lines 3--3
[] 
 []

) (./noty/b_Světem-běžím-dál.tex
<noty/b_Světem-běžím-dál.jpg, id=398, 486.81876pt x 731.73375pt>
File: noty/b_Světem-běžím-dál.jpg Graphic file (type jpg)
<use noty/b_Světem-běžím-dál.jpg>
Package pdftex.def Info: noty/b_Světem-běžím-dál.jpg  used on input line 3
.
(pdftex.def)             Requested size: 150.79959pt x 226.66763pt.

Overfull \hbox (5.0pt too wide) in paragraph at lines 3--3
[] 
 []

) (./noty/b_Svorni-jsme.tex
<noty/b_Svorni-jsme.jpg, id=399, 115.632pt x 112.9821pt>
File: noty/b_Svorni-jsme.jpg Graphic file (type jpg)
<use noty/b_Svorni-jsme.jpg>
Package pdftex.def Info: noty/b_Svorni-jsme.jpg  used on input line 3.
(pdftex.def)             Requested size: 150.79959pt x 147.35078pt.

Overfull \hbox (5.0pt too wide) in paragraph at lines 3--3
[] 
 []

) [117 <./noty/b_Slunce-kristovy-lásky.jpg> <./noty/b_Spoj-nás-v-jedno.jpg> <
./noty/b_Světem-běžím-dál.jpg> <./noty/b_Svorni-jsme.jpg>]
(./noty/b_Svý-kroky-rozezpívej.tex
<noty/b_Svý-kroky-rozezpívej.jpg, id=403, 115.1502pt x 245.2362pt>
File: noty/b_Svý-kroky-rozezpívej.jpg Graphic file (type jpg)
<use noty/b_Svý-kroky-rozezpívej.jpg>
Package pdftex.def Info: noty/b_Svý-kroky-rozezpívej.jpg  used on input line 
3.
(pdftex.def)             Requested size: 132.70438pt x 282.64061pt.
) (./noty/b_Tobě-patří-chvála.tex
<noty/b_Tobě-patří-chvála.jpg, id=404, 114.6684pt x 129.8451pt>
File: noty/b_Tobě-patří-chvála.jpg Graphic file (type jpg)
<use noty/b_Tobě-patří-chvála.jpg>
Package pdftex.def Info: noty/b_Tobě-patří-chvála.jpg  used on input line 4
.
(pdftex.def)             Requested size: 135.7187pt x 153.69731pt.
)
(./noty/b_Vše-co-mohu-dát.tex
<noty/b_Vše-co-mohu-dát.jpg, id=405, 113.9457pt x 171.7617pt>
File: noty/b_Vše-co-mohu-dát.jpg Graphic file (type jpg)
<use noty/b_Vše-co-mohu-dát.jpg>
Package pdftex.def Info: noty/b_Vše-co-mohu-dát.jpg  used on input line 3.
(pdftex.def)             Requested size: 135.7187pt x 204.59552pt.
) (./noty/b_Vychází.tex
<noty/b_Vychází.jpg, id=406, 485.815pt x 660.4675pt>
File: noty/b_Vychází.jpg Graphic file (type jpg)
<use noty/b_Vychází.jpg>
Package pdftex.def Info: noty/b_Vychází.jpg  used on input line 3.
(pdftex.def)             Requested size: 144.76631pt x 196.8014pt.
 [119 <./noty/b_Svý-kroky-rozezpívej.jpg> <./noty/b_Tobě-patří-chvála.jpg
> <./noty/b_Vše-co-mohu-dát.jpg> <./noty/b_Vychází.jpg>]) (./noty/c_aa.tex)

(./noty/c_take-me-home-country-roads.tex
<noty/c_take-me-home-country-roads.jpg, id=410, 358.4592pt x 493.845pt>
File: noty/c_take-me-home-country-roads.jpg Graphic file (type jpg)
<use noty/c_take-me-home-country-roads.jpg>
Package pdftex.def Info: noty/c_take-me-home-country-roads.jpg  used on input l
ine 3.
(pdftex.def)             Requested size: 301.5992pt x 415.52776pt.
) [126 <./noty/c_take-me-home-country-roads.jpg>] (./noty/c_the-house-of-the-ri
sing-sun.tex
<noty/c_the-house-of-the-rising-sun.jpg, id=414, 353.1594pt x 400.3758pt>
File: noty/c_the-house-of-the-rising-sun.jpg Graphic file (type jpg)
<use noty/c_the-house-of-the-rising-sun.jpg>
Package pdftex.def Info: noty/c_the-house-of-the-rising-sun.jpg  used on input 
line 3.
(pdftex.def)             Requested size: 301.5992pt x 341.92163pt.
)) [128 <./noty/c_the-house-of-the-rising-sun.jpg>]
<noty/akordy.jpeg, id=419, 490.4724pt x 698.61pt>
File: noty/akordy.jpeg Graphic file (type jpg)
<use noty/akordy.jpeg>
Package pdftex.def Info: noty/akordy.jpeg  used on input line 69.
(pdftex.def)             Requested size: 301.5992pt x 429.58397pt.
 [129

 <./noty/akordy.jpeg>]
<noty/rytmy.jpeg, id=423, 492.3996pt x 691.8648pt>
File: noty/rytmy.jpeg Graphic file (type jpg)
<use noty/rytmy.jpeg>
Package pdftex.def Info: noty/rytmy.jpeg  used on input line 75.
(pdftex.def)             Requested size: 301.5992pt x 423.78938pt.
 [130

 <./noty/rytmy.jpeg>]
(./noty.aux) ) 
Here is how much of TeX's memory you used:
 15686 strings out of 482368
 316437 string characters out of 5941919
 530967 words of memory out of 5000000
 30145 multiletter control sequences out of 15000+600000
 574401 words of font info for 50 fonts, out of 8000000 for 9000
 428 hyphenation exceptions out of 8191
 68i,13n,83p,442b,591s stack positions out of 5000i,500n,10000p,200000b,80000s
{/usr/share/texmf/fonts/enc/dvips/lm/lm-rm.enc}{/usr/share/texmf/
fonts/enc/dvips/lm/lm-mathit.enc}</usr/share/texmf/fonts/type1/public/lm/lmbx10
.pfb></usr/share/texmf/fonts/type1/public/lm/lmbx12.pfb></usr/share/texmf/fonts
/type1/public/lm/lmmi12.pfb></usr/share/texmf/fonts/type1/public/lm/lmr10.pfb><
/usr/share/texmf/fonts/type1/public/lm/lmr12.pfb></usr/share/texmf/fonts/type1/
public/lm/lmr17.pfb></usr/share/texmf/fonts/type1/public/lm/lmro12.pfb></usr/sh
are/texmf/fonts/type1/public/lm/lmss12.pfb>
Output written on noty.pdf (87 pages, 36997716 bytes).
PDF statistics:
 460 PDF objects out of 1000 (max. 8388607)
 232 compressed objects within 3 object streams
 0 named destinations out of 1000 (max. 500000)
 659 words of extra memory for PDF output out of 10000 (max. 10000000)

